      Regenerating: 1 file(s) changed at 2022-12-01 22:39:40
                    nohup.out
       Jekyll Feed: Generating feed for posts
                    ...done in 2.788836 seconds.
                    
      Regenerating: 1 file(s) changed at 2022-12-02 04:15:03
                    _pages/about.md
       Jekyll Feed: Generating feed for posts
                    ...done in 2.809092 seconds.
                    
      Regenerating: 1 file(s) changed at 2022-12-02 04:16:43
                    _pages/about.md
       Jekyll Feed: Generating feed for posts
                    ...done in 2.811079 seconds.
                    
      Regenerating: 1 file(s) changed at 2022-12-02 04:16:46
                    _pages/about.md
       Jekyll Feed: Generating feed for posts
                    ...done in 2.722945 seconds.
                    
      Regenerating: 1 file(s) changed at 2022-12-02 04:16:49
                    _pages/about.md
       Jekyll Feed: Generating feed for posts
                    ...done in 2.718936 seconds.
                    
      Regenerating: 1 file(s) changed at 2022-12-02 04:17:00
                    _pages/about.md
       Jekyll Feed: Generating feed for posts
                    ...done in 2.864509 seconds.
                    
      Regenerating: 1 file(s) changed at 2022-12-02 04:17:30
                    _pages/about.md
       Jekyll Feed: Generating feed for posts
                    ...done in 2.8069 seconds.
                    
      Regenerating: 1 file(s) changed at 2022-12-02 04:17:34
                    _pages/about.md
       Jekyll Feed: Generating feed for posts
                    ...done in 2.727214 seconds.
                    
      Regenerating: 1 file(s) changed at 2022-12-02 04:18:12
                    _pages/about.md
       Jekyll Feed: Generating feed for posts
                    ...done in 2.828704 seconds.
                    
      Regenerating: 1 file(s) changed at 2022-12-02 04:18:21
                    _pages/about.md
       Jekyll Feed: Generating feed for posts
                    ...done in 2.823025 seconds.
                    
      Regenerating: 1 file(s) changed at 2022-12-02 04:18:24
                    _pages/about.md
       Jekyll Feed: Generating feed for posts
                    ...done in 2.696044 seconds.
                    
